<?xml version="1.0" encoding="utf-8"?><testsuites name="pytest tests"><testsuite name="pytest" errors="0" failures="0" skipped="0" tests="9" time="3.136" timestamp="2026-08-09T03:30:40.826366+00:00" hostname="agent-env-40862dbc-46dd-4748-990e-32c764abc6e0"><testcase classname="tests.test_iter4_owner_reply_and_map.TestReplyAuth" name="test_reply_requires_auth" time="0.394" /><testcase classname="tests.test_iter4_owner_reply_and_map.TestProvidersMapData" name="test_providers_have_lat_lng[GARAGE]" time="0.394" /><testcase classname="tests.test_iter4_owner_reply_and_map.TestReplyAuth" name="test_owner_mine_requires_auth" time="0.132" /><testcase classname="tests.test_iter4_owner_reply_and_map.TestProvidersMapData" name="test_providers_have_lat_lng[PNEUMATIQUE]" time="0.103" /><testcase classname="tests.test_iter4_owner_reply_and_map.TestProvidersMapData" name="test_providers_have_lat_lng[LAVAGE]" time="0.362" /><testcase classname="tests.test_iter4_owner_reply_and_map.TestOwnerReviewsList" name="test_owner_mine_returns_list" time="0.442" /><testcase classname="tests.test_iter4_owner_reply_and_map.TestProvidersMapData" name="test_providers_have_lat_lng[PIECES]" time="0.102" /><testcase classname="tests.test_iter4_owner_reply_and_map.TestProvidersMapData" name="test_lavage_bordeaux_bullepro_present" time="0.106" /><testcase classname="tests.test_iter4_owner_reply_and_map.TestOwnerReplyE2E" name="test_reply_flow_end_to_end" time="1.189" /></testsuite></testsuites>