<?xml version="1.0" encoding="utf-8"?><testsuites name="pytest tests"><testsuite name="pytest" errors="0" failures="0" skipped="0" tests="19" time="5.265" timestamp="2026-08-09T03:19:56.185949+00:00" hostname="agent-env-40862dbc-46dd-4748-990e-32c764abc6e0"><testcase classname="tests.test_iter3_reviews_photos_distance.TestGeocode" name="test_geocode_bordeaux" time="0.180" /><testcase classname="tests.test_iter3_reviews_photos_distance.TestGeocode" name="test_geocode_paris" time="0.095" /><testcase classname="tests.test_iter3_reviews_photos_distance.TestGeocode" name="test_geocode_nantes" time="0.095" /><testcase classname="tests.test_iter3_reviews_photos_distance.TestGeocode" name="test_geocode_unknown" time="0.242" /><testcase classname="tests.test_iter3_reviews_photos_distance.TestProviderPhotos" name="test_providers_list_has_photos_field[GARAGE]" time="0.093" /><testcase classname="tests.test_iter3_reviews_photos_distance.TestProviderPhotos" name="test_providers_list_has_photos_field[PNEUMATIQUE]" time="0.098" /><testcase classname="tests.test_iter3_reviews_photos_distance.TestProviderPhotos" name="test_providers_list_has_photos_field[LAVAGE]" time="0.094" /><testcase classname="tests.test_iter3_reviews_photos_distance.TestProviderPhotos" name="test_providers_list_has_photos_field[PIECES]" time="0.108" /><testcase classname="tests.test_iter3_reviews_photos_distance.TestProviderPhotos" name="test_demo_pros_have_seeded_photos" time="0.376" /><testcase classname="tests.test_iter3_reviews_photos_distance.TestProviderPhotos" name="test_pro_photo_upload_persists" time="0.716" /><testcase classname="tests.test_iter3_reviews_photos_distance.TestReviewsAuth" name="test_post_review_requires_auth" time="0.097" /><testcase classname="tests.test_iter3_reviews_photos_distance.TestReviewsAuth" name="test_reviews_vehicle_public" time="0.191" /><testcase classname="tests.test_iter3_reviews_photos_distance.TestReviewsAuth" name="test_reviews_mine_requires_auth" time="0.117" /><testcase classname="tests.test_iter3_reviews_photos_distance.TestReviewsFlow" name="test_post_review_ownership_check" time="0.414" /><testcase classname="tests.test_iter3_reviews_photos_distance.TestReviewsFlow" name="test_review_flow_end_to_end" time="0.806" /><testcase classname="tests.test_iter3_reviews_photos_distance.TestReviewsFlow" name="test_review_on_terminated_booking_via_mongo" time="0.662" /><testcase classname="tests.test_iter3_reviews_photos_distance.TestDistanceFilter" name="test_lavage_pros_have_coords" time="0.098" /><testcase classname="tests.test_iter3_reviews_photos_distance.TestDistanceFilter" name="test_bordeaux_lavage_present" time="0.098" /><testcase classname="tests.test_iter3_reviews_photos_distance.TestPiecesRegisterGeocoded" name="test_new_pieces_pro_gets_lat_lng" time="0.602" /></testsuite></testsuites>