<?xml version="1.0" encoding="utf-8"?><testsuites name="pytest tests"><testsuite name="pytest" errors="0" failures="0" skipped="0" tests="12" time="4.059" timestamp="2026-08-09T03:47:51.424845+00:00" hostname="agent-env-40862dbc-46dd-4748-990e-32c764abc6e0"><testcase classname="tests.test_iter5_report_moderation.TestReportAuth" name="test_report_requires_auth" time="0.346" /><testcase classname="tests.test_iter5_report_moderation.TestReportAuth" name="test_admin_reported_requires_auth" time="0.101" /><testcase classname="tests.test_iter5_report_moderation.TestReportAuth" name="test_admin_reported_forbids_non_admin" time="0.756" /><testcase classname="tests.test_iter5_report_moderation.TestReportModerationE2E" name="test_report_then_dismiss" time="2.078" /><testcase classname="tests.test_iter5_report_moderation.TestReportAuth" name="test_admin_reported_ok_for_admin" time="0.454" /><testcase classname="tests.test_iter5_report_moderation.TestReportAuth" name="test_admin_dismiss_forbids_non_admin" time="0.098" /><testcase classname="tests.test_iter5_report_moderation.TestReportAuth" name="test_admin_delete_forbids_non_admin" time="0.097" /><testcase classname="tests.test_iter5_report_moderation.TestRegression" name="test_providers_lavage_bordeaux" time="0.093" /><testcase classname="tests.test_iter5_report_moderation.TestRegression" name="test_vehicles_endpoint" time="0.108" /><testcase classname="tests.test_iter5_report_moderation.TestReportModerationE2E" name="test_report_then_delete_recomputes_rating" time="0.837" /><testcase classname="tests.test_iter5_report_moderation.TestRegression" name="test_owner_mine_reviews" time="0.432" /><testcase classname="tests.test_iter5_report_moderation.TestReportModerationE2E" name="test_report_404_on_unknown_review" time="0.105" /></testsuite></testsuites>