<?xml version="1.0" encoding="utf-8"?><testsuites name="pytest tests"><testsuite name="pytest" errors="0" failures="1" skipped="0" tests="45" time="89.402" timestamp="2026-08-09T03:18:14.200550+00:00" hostname="agent-env-40862dbc-46dd-4748-990e-32c764abc6e0"><testcase classname="tests.test_iter3_reviews_photos_distance.TestGeocode" name="test_geocode_bordeaux" time="0.123" /><testcase classname="tests.test_iter3_reviews_photos_distance.TestGeocode" name="test_geocode_paris" time="0.095" /><testcase classname="tests.test_iter3_reviews_photos_distance.TestGeocode" name="test_geocode_nantes" time="0.107" /><testcase classname="tests.test_iter3_reviews_photos_distance.TestGeocode" name="test_geocode_unknown" time="0.194" /><testcase classname="tests.test_iter3_reviews_photos_distance.TestProviderPhotos" name="test_providers_list_has_photos_field[GARAGE]" time="0.099" /><testcase classname="tests.test_iter3_reviews_photos_distance.TestProviderPhotos" name="test_providers_list_has_photos_field[PNEUMATIQUE]" time="0.098" /><testcase classname="tests.test_iter3_reviews_photos_distance.TestProviderPhotos" name="test_providers_list_has_photos_field[LAVAGE]" time="0.097" /><testcase classname="tests.test_iter3_reviews_photos_distance.TestProviderPhotos" name="test_providers_list_has_photos_field[PIECES]" time="0.099" /><testcase classname="tests.test_iter3_reviews_photos_distance.TestProviderPhotos" name="test_demo_pros_have_seeded_photos" time="0.401" /><testcase classname="tests.test_iter3_reviews_photos_distance.TestProviderPhotos" name="test_pro_photo_upload_persists" time="0.756" /><testcase classname="tests.test_iter3_reviews_photos_distance.TestReviewsAuth" name="test_post_review_requires_auth" time="0.095" /><testcase classname="tests.test_iter3_reviews_photos_distance.TestReviewsAuth" name="test_reviews_vehicle_public" time="0.195" /><testcase classname="tests.test_iter3_reviews_photos_distance.TestReviewsAuth" name="test_reviews_mine_requires_auth" time="0.097" /><testcase classname="tests.test_iter3_reviews_photos_distance.TestReviewsFlow" name="test_post_review_ownership_check" time="0.426" /><testcase classname="tests.test_iter3_reviews_photos_distance.TestReviewsFlow" name="test_review_flow_end_to_end" time="0.531"><failure message="AssertionError: {&quot;detail&quot;:&quot;Ces dates ne sont plus disponibles.&quot;}&#10;assert 409 == 200&#10; +  where 409 = &lt;Response [409]&gt;.status_code">backend/tests/test_iter3_reviews_photos_distance.py:161: in test_review_flow_end_to_end
    assert r.status_code == 200, r.text
E   AssertionError: {"detail":"Ces dates ne sont plus disponibles."}
E   assert 409 == 200
E    +  where 409 = &lt;Response [409]&gt;.status_code</failure></testcase><testcase classname="tests.test_iter3_reviews_photos_distance.TestReviewsFlow" name="test_review_on_terminated_booking_via_mongo" time="0.722" /><testcase classname="tests.test_iter3_reviews_photos_distance.TestDistanceFilter" name="test_lavage_pros_have_coords" time="0.096" /><testcase classname="tests.test_iter3_reviews_photos_distance.TestDistanceFilter" name="test_bordeaux_lavage_present" time="0.096" /><testcase classname="tests.test_iter3_reviews_photos_distance.TestPiecesRegisterGeocoded" name="test_new_pieces_pro_gets_lat_lng" time="8.153" /><testcase classname="tests.test_swipeupcar.TestAuth" name="test_client_login" time="0.321" /><testcase classname="tests.test_swipeupcar.TestAuth" name="test_admin_login_new_password" time="0.325" /><testcase classname="tests.test_swipeupcar.TestAuth" name="test_admin_old_password_rejected" time="0.317" /><testcase classname="tests.test_swipeupcar.TestAuth" name="test_owner_login" time="0.452" /><testcase classname="tests.test_swipeupcar.TestMessaging" name="test_create_conversation_and_send" time="1.149" /><testcase classname="tests.test_swipeupcar.TestMessaging" name="test_non_member_forbidden" time="0.801" /><testcase classname="tests.test_swipeupcar.TestMessaging" name="test_list_conversations_auth" time="0.097" /><testcase classname="tests.test_swipeupcar.TestMessaging" name="test_conversations_unauth" time="0.106" /><testcase classname="tests.test_swipeupcar.TestVerificationBlock" name="test_unverified_cannot_book" time="6.155" /><testcase classname="tests.test_swipeupcar.TestVerificationBlock" name="test_unverified_cannot_checkout" time="0.100" /><testcase classname="tests.test_swipeupcar.TestVerificationBlock" name="test_verified_client_can_initiate_checkout" time="0.621" /><testcase classname="tests.test_swipeupcar.TestVerificationBlock" name="test_resend_verification" time="0.102" /><testcase classname="tests.test_swipeupcar.TestStripeConnectRemoved" name="test_onboard_removed" time="0.428" /><testcase classname="tests.test_swipeupcar.TestStripeConnectRemoved" name="test_status_removed" time="0.425" /><testcase classname="tests.test_swipeupcar.TestStripeConnectRemoved" name="test_loueur_html_no_connectStripe" time="0.224" /><testcase classname="tests.test_swipeupcar.TestPiecesProvidersDirectory" name="test_pieces_provider_listed" time="0.098" /><testcase classname="tests.test_swipeupcar.TestPiecesProvidersDirectory" name="test_get_pieces_provider_detail" time="0.196" /><testcase classname="tests.test_swipeupcar.TestProValidationGate" name="test_unvalidated_pro_status" time="35.222" /><testcase classname="tests.test_swipeupcar.TestProValidationGate" name="test_unvalidated_pro_cannot_add_service" time="16.989" /><testcase classname="tests.test_swipeupcar.TestProValidationGate" name="test_pieces_pro_update_profile" time="0.214" /><testcase classname="tests.test_swipeupcar.TestProValidationGate" name="test_admin_validate_and_then_service_add" time="11.955" /><testcase classname="tests.test_swipeupcar.TestProValidationGate" name="test_unvalidated_pieces_not_in_directory" time="0.108" /><testcase classname="tests.test_swipeupcar.TestLegalPages" name="test_page_loads[/swipeupcar/cgu.html]" time="0.119" /><testcase classname="tests.test_swipeupcar.TestLegalPages" name="test_page_loads[/swipeupcar/cgv.html]" time="0.101" /><testcase classname="tests.test_swipeupcar.TestLegalPages" name="test_page_loads[/swipeupcar/confidentialite.html]" time="0.110" /><testcase classname="tests.test_swipeupcar.TestLegalPages" name="test_page_loads[/swipeupcar/mentions-legales.html]" time="0.095" /></testsuite></testsuites>