<?xml version="1.0" encoding="utf-8"?><testsuites name="pytest tests"><testsuite name="pytest" errors="0" failures="0" skipped="0" tests="16" time="4.997" timestamp="2026-08-09T02:40:33.664855+00:00" hostname="agent-env-40862dbc-46dd-4748-990e-32c764abc6e0"><testcase classname="tests.test_swipeupcar.TestAuth" name="test_client_login" time="0.457" /><testcase classname="tests.test_swipeupcar.TestAuth" name="test_admin_login_new_password" time="0.509" /><testcase classname="tests.test_swipeupcar.TestAuth" name="test_admin_old_password_rejected" time="0.509" /><testcase classname="tests.test_swipeupcar.TestMessaging" name="test_create_conversation_and_send" time="2.043" /><testcase classname="tests.test_swipeupcar.TestAuth" name="test_owner_login" time="0.504" /><testcase classname="tests.test_swipeupcar.TestMessaging" name="test_non_member_forbidden" time="1.084" /><testcase classname="tests.test_swipeupcar.TestMessaging" name="test_list_conversations_auth" time="0.102" /><testcase classname="tests.test_swipeupcar.TestVerificationBlock" name="test_unverified_cannot_book" time="1.342" /><testcase classname="tests.test_swipeupcar.TestMessaging" name="test_conversations_unauth" time="0.146" /><testcase classname="tests.test_swipeupcar.TestVerificationBlock" name="test_unverified_cannot_checkout" time="0.109" /><testcase classname="tests.test_swipeupcar.TestLegalPages" name="test_page_loads[/swipeupcar/cgu.html]" time="0.102" /><testcase classname="tests.test_swipeupcar.TestLegalPages" name="test_page_loads[/swipeupcar/cgv.html]" time="0.096" /><testcase classname="tests.test_swipeupcar.TestLegalPages" name="test_page_loads[/swipeupcar/confidentialite.html]" time="0.112" /><testcase classname="tests.test_swipeupcar.TestLegalPages" name="test_page_loads[/swipeupcar/mentions-legales.html]" time="0.156" /><testcase classname="tests.test_swipeupcar.TestVerificationBlock" name="test_verified_client_can_initiate_checkout" time="0.918" /><testcase classname="tests.test_swipeupcar.TestVerificationBlock" name="test_resend_verification" time="0.096" /></testsuite></testsuites>